DATAMOVE hierarchy: 1 1 2 2
DATAMOVE INFO: board 0 0x735180
DATAMOVE INFO: chip 0 0x7351b0
DATAMOVE INFO: unit 0 0x7351e0
DATAMOVE INFO: block 0 0x735210
DATAMOVE INFO: block 1 0x735240
DATAMOVE INFO: worker 0 0x7440c8
DATAMOVE INFO: worker 1 0x744198
DATAMOVE INFO: worker 2 0x744268
DATAMOVE INFO: worker 3 0x744338
DATAMOVE: mainEdt 73 bytes 0x7440c8 -> 0x744268
DATAMOVE: mainEdt 73 bytes 0x744268 -> 0x735240
DATAMOVE: mainEdt 3200 bytes 0x744268 -> 0x735240
DATAMOVE: mainEdt 3200 bytes 0x744268 -> 0x735240
DATAMOVE: mainEdt 3200 bytes 0x744268 -> 0x735240
DATAMOVE: mainEdt 3200 bytes 0x744268 -> 0x735240
DATAMOVE: mainEdt 3200 bytes 0x744268 -> 0x735240
DATAMOVE: mainEdt 3200 bytes 0x744268 -> 0x735240
DATAMOVE: mainEdt 3200 bytes 0x744268 -> 0x735240
DATAMOVE: mainEdt 3200 bytes 0x744268 -> 0x735240
DATAMOVE: mainEdt 3200 bytes 0x7442STATS(VERB) W 0x2af026a22700: Created a simple filter @ 0x2af02c141970 with parent 0x7358c0
DATAMOVE: mainEdt 3200 bytes 0x744268 -> 0x735240
DATAMOVE: mainEdt 3200 bytes 0x744268 -> 0x735240
DATAMOVE: mainEdt 3200 bytes 0x744268 -> 0x735240
DATAMOVE: mainEdt 3200 bytes 0x744268 -> 0x735240
DATAMOVE: mainEdt 3200 bytes 0x744268 -> 0x735240
DATAMOVE: sequential_cholesky_task 3200 bytes 0x735240 -> 0x744198
DATAMOVE: sequential_cholesky_task 3200 bytes 0x744198 -> 0x735210
DATAMOVE: trisolve_task 3200 bytes 0x735240 -> 0x7440c8
DATAMOVE: trisolve_task 3200 bytes 0x7440c8 -> 0x735210
DATAMOVE: trisolve_task 3200 bytes 0x735240 -> 0x744338
DATAMOVE: trisolve_task 3200 bytes 0x744338 -> 0x735240
DATAMOVE: trisolve_task 3200 bytes 0x744198 -> 0x7440c8
DATAMOVE: trisolve_task 3200 bytes 0x7440c8 -> 0x735210
DATAMOVE: trisolve_task 3200 bytes 0x735210 -> 0x744338
DATAMOVE: trisolve_task 3200 bytes 0x744338 -> 0x735240
DATAMOVE: trisolve_task 3200 bytes 0x735240 -> 0x744198
DATAMOVE: trisolve_task 3200 bytes 0x744198 -> 0x735210
DATAMOVE: trisolve_task 3200 bytes 0x735240 -> 0x744198
DATAMOVE: trisolve_task 3200 bytes 0x744198 -> 0x735210
DATAMOVE: update_diagonal_task 3200 bytes 0x735240 -> 0x7440c8
DATAMOVE: update_diagonal_task 3200 bytes 0x7440c8 -> 0x735210
DATAMOVE: update_diagonal_task 3200 bytes 0x7440c8 -> 0x735210
DATAMOVE: update_nondiagonal_task 3200 bytes 0x735240 -> 0x744198
DATAMOVE: update_nondiagonal_task 3200 bytes 0x744198 -> 0x735210
DATAMOVE: update_nondiagonal_task 3200 bytes 0x744198 -> 0x735210
DATAMOVE: update_diagonal_task 3200 bytes 0x735210 -> 0x7440c8
DATAMOVE: update_diagonal_task 3200 bytes 0x7440c8 -> 0x735210
DATAMOVE: update_nondiagonal_task 3200 bytes 0x735210 -> 0x744198
DATAMOVE: update_nondiagonal_task 3200 bytes 0x744198 -> 0x735210
DATAMOVE: update_diagonal_task 3200 bytes 0x735240 -> 0x744338
DATAMOVE: update_diagonal_task 3200 bytes 0x744338 -> 0x735240
DATAMOVE: update_diagonal_task 3200 bytes 0x744338 -> 0x735240
DATAMOVE: update_nondiagonal_task 3200 bytes 0x735240 -> 0x744198
DATAMOVE: update_nondiagonal_task 3200 bytes 0x744198 -> 0x735210
DATAMOVE: update_diagonal_task 3200 bytes 0x735210 -> 0x744338
DATAMOVE: update_diagonal_task 3200 bytes 0x744338 -> 0x735240
DATAMOVE: update_diagonal_task 3200 bytes 0x735240 -> 0x7440c8
DATAMOVE: update_diagonal_task 3200 bytes 0x7440c8 -> 0x735210
DATAMOVE: update_diagonal_task 3200 bytes 0x735210 -> 0x7440c8
DATAMOVE: update_diagonal_task 3200 bytes 0x7440c8 -> 0x735210
DATAMOVE: sequential_cholesky_task 3200 bytes 0x735240 -> 0x744338
DATAMOVE: sequential_cholesky_task 3200 bytes 0x744338 -> 0x735240
DATAMOVE: update_nondiagonal_task 3200 bytes 0x735240 -> 0x744198
DATAMOVE: update_nondiagonal_task 3200 bytes 0x744198 -> 0x735210
DATAMOVE: update_nondiagonal_task 3200 bytes 0x735210 -> 0x744198
DATAMOVE: update_nondiagonal_task 3200 bytes 0x744198 -> 0x735210
DATAMOVE: trisolve_task 3200 bytes 0x735240 -> 0x7440c8
DATAMOVE: trisolve_task 3200 bytes 0x7440c8 -> 0x735210
DATAMOVE: update_nondiagonal_task 3200 bytes 0x735210 -> 0x744198
DATAMOVE: update_nondiagonal_task 3200 bytes 0x744198 -> 0x735210
DATAMOVE: trisolve_task 3200 bytes 0x735210 -> 0x7440c8
DATAMOVE: trisolve_task 3200 bytes 0x7440c8 -> 0x735210
DATAMOVE: trisolve_task 3200 bytes 0x735210 -> 0x744338
DATAMOVE: trisolve_task 3200 bytes 0x744338 -> 0x735240
DATAMOVE: trisolve_task 3200 bytes 0x744338 -> 0x735240
DATAMOVE: trisolve_task 3200 bytes 0x735240 -> 0x744338
DATAMOVE: trisolve_task 3200 bytes 0x744338 -> 0x735240
DATAMOVE: update_nondiagonal_task 3200 bytes 0x735240 -> 0x744198
DATAMOVE: update_nondiagonal_task 3200 bytes 0x744198 -> 0x735210
DATAMOVE: update_nondiagonal_task 3200 bytes 0x735240 -> 0x7440c8
DATAMOVE: update_nondiagonal_task 3200 bytes 0x7440c8 -> 0x735210
DATAMOVE: update_nondiagonal_task 3200 bytes 0x7440c8 -> 0x735210
DATAMOVE: update_nondiagonal_task 3200 bytes 0x735210 -> 0x744198
DATAMOVE: update_nondiagonal_task 3200 bytes 0x744198 -> 0x735210
DATAMOVE: update_nondiagonal_task 3200 bytes 0x735240 -> 0x744198
DATAMOVE: update_nondiagonal_task 3200 bytes 0x744198 -> 0x735210
DATAMOVE: update_nondiagonal_task 3200 bytes 0x735210 -> 0x7440c8
DATAMOVE: update_nondiagonal_task 3200 bytes 0x7440c8 -> 0x735210
DATAMOVE: update_nondiagonal_task 3200 bytes 0x735210 -> 0x7440c8
DATAMOVE: update_nondiagonal_task 3200 bytes 0x7440c8 -> 0x735210
DATAMOVE: update_diagonal_task 3200 bytes 0x735210 -> 0x744338
DATAMOVE: update_diagonal_task 3200 bytes 0x744338 -> 0x735240
DATAMOVE: update_diagonal_task 3200 bytes 0x744338 -> 0x735240
DATAMOVE: update_diagonal_task 3200 bytes 0x735240 -> 0x744338
DATAMOVE: update_diagonal_task 3200 bytes 0x744338 -> 0x735240
DATAMOVE: update_diagonal_task 3200 bytes 0x735210 -> 0x744268
DATAMOVE: update_diagonal_task 3200 bytes 0x744268 -> 0x735240
DATAMOVE: update_diagonal_task 3200 bytes 0x744268 -> 0x735240
DATAMOVE: trisolve_task 3200 bytes 0x735210 -> 0x744198
DATAMOVE: trisolve_task 3200 bytes 0x744198 -> 0x735210
DATAMOVE: trisolve_task 3200 bytes 0x735240 -> 0x744198
DATAMOVE: trisolve_task 3200 bytes 0x744198 -> 0x735210
DATAMOVE: trisolve_task 3200 bytes 0x735210 -> 0x7440c8
DATAMOVE: trisolve_task 3200 bytes 0x7440c8 -> 0x735210
DATAMOVE: trisolve_task 3200 bytes 0x735210 -> 0x7440c8
DATAMOVE: trisolve_task 3200 bytes 0x7440c8 -> 0x735210
DATAMOVE: update_nondiagonal_task 3200 bytes 0x735240 -> 0x744338
DATAMOVE: update_nondiagonal_task 3200 bytes 0x744338 -> 0x735240
DATAMOVE: update_nondiagonal_task 3200 bytes 0x735240 -> 0x744268
DATAMOVE: update_nondiagonal_task 3200 bytes 0x744268 -> 0x735240
DATAMOVE: update_nondiagonal_task 3200 bytes 0x735240 -> 0x744338
DATAMOVE: update_nondiagonal_task 3200 bytes 0x744338 -> 0x735240
DATAMOVE: update_nondiagonal_task 3200 bytes 0x735240 -> 0x744268
DATAMOVE: update_nondiagonal_task 3200 bytes 0x744268 -> 0x735240
DATAMOVE: update_nondiagonal_task 3200 bytes 0x735210 -> 0x744338
DATAMOVE: update_nondiagonal_task 3200 bytes 0x744338 -> 0x735240
DATAMOVE: update_diagonal_task 3200 bytes 0x735210 -> 0x744198
DATAMOVE: update_diagonal_task 3200 bytes 0x744198 -> 0x735210
DATAMOVE: update_diagonal_task 3200 bytes 0x744198 -> 0x735210
DATAMOVE: update_nondiagonal_task 3200 bytes 0x735210 -> 0x744268
DATAMOVE: update_nondiagonal_task 3200 bytes 0x744268 -> 0x735240
DATAMOVE: update_diagonal_task 3200 bytes 0x735210 -> 0x744198
DATAMOVE: update_diagonal_task 3200 bytes 0x744198 -> 0x735210
DATAMOVE: update_diagonal_task 3200 bytes 0x735240 -> 0x7440c8
DATAMOVE: update_diagonal_task 3200 bytes 0x7440c8 -> 0x735210
DATAMOVE: update_diagonal_task 3200 bytes 0x7440c8 -> 0x735210
DATAMOVE: update_diagonal_task 3200 bytes 0x735210 -> 0x7440c8
DATAMOVE: update_diagonal_task 3200 bytes 0x7440c8 -> 0x735210
DATAMOVE: sequential_cholesky_task 3200 bytes 0x735210 -> 0x744198
DATAMOVE: sequential_cholesky_task 3200 bytes 0x744198 -> 0x735210
DATAMOVE: update_nondiagonal_task 3200 bytes 0x735240 -> 0x744338
DATAMOVE: update_nondiagonal_task 3200 bytes 0x744338 -> 0x735240
DATAMOVE: update_nondiagonal_task 3200 bytes 0x735210 -> 0x7440c8
DATAMOVE: update_nondiagonal_task 3200 bytes 0x7440c8 -> 0x735210
DATAMOVE: update_nondiagonal_task 3200 bytes 0x735240 -> 0x744268
DATAMOVE: update_nondiagonal_task 3200 bytes 0x744268 -> 0x735240
DATAMOVE: update_nondiagonal_task 3200 bytes 0x735240 -> 0x7440c8
DATAMOVE: update_nondiagonal_task 3200 bytes 0x7440c8 -> 0x735210
DATAMOVE: update_nondiagonal_task 3200 bytes 0x735210 -> 0x744338
DATAMOVE: update_nondiagonal_task 3200 bytes 0x744338 -> 0x735240
DATAMOVE: update_nondiagonal_task 3200 bytes 0x735240 -> 0x744268
DATAMOVE: update_nondiagonal_task 3200 bytes 0x744268 -> 0x735240
DATAMOVE: update_nondiagonal_task 3200 bytes 0x735210 -> 0x744338
DATAMOVE: update_nondiagonal_task 3200 bytes 0x744338 -> 0x735240
DATAMOVE: update_nondiagonal_task 3200 bytes 0x735210 -> 0x7440c8
DATAMOVE: update_nondiagonal_task 3200 bytes 0x7440c8 -> 0x735210
DATAMOVE: update_nondiagonal_task 3200 bytes 0x735210 -> 0x744268
DATAMOVE: update_nondiagonal_task 3200 bytes 0x744268 -> 0x735240
DATAMOVE: trisolve_task 3200 bytes 0x735210 -> 0x744198
DATAMOVE: trisolve_task 3200 bytes 0x744198 -> 0x735210
DATAMOVE: trisolve_task 3200 bytes 0x744198 -> 0x735210
DATAMOVE: trisolve_task 3200 bytes 0x735210 -> 0x744198
DATAMOVE: trisolve_task 3200 bytes 0x744198 -> 0x735210
DATAMOVE: trisolve_task 3200 bytes 0x735240 -> 0x744268
DATAMOVE: trisolve_task 3200 bytes 0x744268 -> 0x735240
DATAMOVE: trisolve_task 3200 bytes 0x735210 -> 0x744268
DATAMOVE: trisolve_task 3200 bytes 0x744268 -> 0x735240
DATAMOVE: update_diagonal_task 3200 bytes 0x735240 -> 0x744338
DATAMOVE: update_diagonal_task 3200 bytes 0x744338 -> 0x735240
DATAMOVE: update_diagonal_task 3200 bytes 0x744198 -> 0x744338
DATAMOVE: update_diagonal_task 3200 bytes 0x744338 -> 0x735240
DATAMOVE: update_nondiagonal_task 3200 bytes 0x735240 -> 0x7440c8
DATAMOVE: update_nondiagonal_task 3200 bytes 0x7440c8 -> 0x735210
DATAMOVE: update_nondiagonal_task 3200 bytes 0x744268 -> 0x7440c8
DATAMOVE: update_nondiagonal_task 3200 bytes 0x7440c8 -> 0x735210
DATAMOVE: update_diagonal_task 3200 bytes 0x735210 -> 0x744198
DATAMOVE: update_diagonal_task 3200 bytes 0x744198 -> 0x735210
DATAMOVE: update_nondiagonal_task 3200 bytes 0x735240 -> 0x7440c8
DATAMOVE: update_nondiagonal_task 3200 bytes 0x7440c8 -> 0x735210
DATAMOVE: update_diagonal_task 3200 bytes 0x735210 -> 0x744198
DATAMOVE: update_diagonal_task 3200 bytes 0x744198 -> 0x735210
DATAMOVE: sequential_cholesky_task 3200 bytes 0x735240 -> 0x744268
DATAMOVE: sequential_cholesky_task 3200 bytes 0x744268 -> 0x735240
DATAMOVE: trisolve_task 3200 bytes 0x735210 -> 0x744338
DATAMOVE: trisolve_task 3200 bytes 0x744338 -> 0x735240
DATAMOVE: trisolve_task 3200 bytes 0x744268 -> 0x744338
DATAMOVE: trisolve_task 3200 bytes 0x744338 -> 0x735240
DATAMOVE: update_diagonal_task 3200 bytes 0x735210 -> 0x7440c8
DATAMOVE: update_diagonal_task 3200 bytes 0x7440c8 -> 0x735210
DATAMOVE: update_diagonal_task 3200 bytes 0x744338 -> 0x7440c8
DATAMOVE: update_diagonal_task 3200 bytes 0x7440c8 -> 0x735210
DATAMOVE: sequential_cholesky_task 3200 bytes 0x735210 -> 0x744338
DATAMOVE: sequential_cholesky_task 3200 bytes 0x744338 -> 0x735240
DATAMOVE: wrap_up_task 3200 bytes 0x735210 -> 0x7440c8
DATAMOVE: wrap_up_task 3200 bytes 0x7440c8 -> 0x735210
DATAMOVE: wrap_up_task 3200 bytes 0x735210 -> 0x7440c8
DATAMOVE: wrap_up_task 3200 bytes 0x7440c8 -> 0x735210
DATAMOVE: wrap_up_task 3200 bytes 0x735240 -> 0x7440c8
DATAMOVE: wrap_up_task 3200 bytes 0x7440c8 -> 0x735210
DATAMOVE: wrap_up_task 3200 bytes 0x735240 -> 0x7440c8
DATAMOVE: wrap_up_task 3200 bytes 0x7440c8 -> 0x735210
DATAMOVE: wrap_up_task 3200 bytes 0x735240 -> 0x7440c8
DATAMOVE: wrap_up_task 3200 bytes 0x7440c8 -> 0x735210
DATAMOVE: wrap_up_task 3200 bytes 0x735240 -> 0x7440c8
DATAMOVE: wrap_up_task 3200 bytes 0x7440c8 -> 0x735210
DATAMOVE: wrap_up_task 3200 bytes 0x735240 STATS(VERB) W 0x2af023a1d940: SYNC Message 0x75aba0 src:0x2af02c153450 dst:0x2af030006ab0 ts:61 type:0x400
DATAMOVE: wrap_up_task 3200 bytes 0x7440c8 -> 0x735210
DATAMOVE: wrap_up_task 3200 bytes 0x735210 -> 0x7440c8
DATAMOVE: wrap_up_task 3200 bytes 0x7440c8 -> 0x735210
DATAMOVE: wrap_up_task 3200 bytes 0x735240 -> 0x7440c8
DATAMOVE: wrap_up_task 3200 bytes 0x7440c8 -> 0x735210
DATAMOVE: wrap_up_task 3200 bytes 0x735240 -> 0x7440c8
DATAMOVE: wrap_up_task 3200 bytes 0x7440c8 -> 0x735210
DATAMOVE: wrap_up_task 3200 bytes 0x735240 -> 0x7440c8
DATAMOVE: wrap_up_task 3200 bytes 0x7440c8 -> 0x735210
DATAMOVE: wrap_up_task 3200 bytes 0x735210 -> 0x7440c8
DATAMOVE: wrap_up_task 3200 bytes 0x7440c8 -> 0x735210
DATAMOVE: wrap_up_task 3200 bytes 0x735210 -> 0x7440c8
DATAMOVE: wrap_up_task 3200 bytes 0x7440c8 -> 0x735210
DATAMOVE: wrap_up_task 3200 bytes 0x744338 -> 0x7440c8
DATAMOVE: wrap_up_task 3200 bytes 0x7440c8 -> 0x735210
